==============================================================================
Productor                                                                     
==============================================================================
Productor.Testcase                                                            
==============================================================================
Productor.Testcase.Product Squad Role                                         
==============================================================================
Productor.Testcase.Product Squad Role.Product Squad Role :: Create,Search,E...
==============================================================================
Product Squad Role :: Product Squad Role Create,Search,Edit and De... | PASS |
------------------------------------------------------------------------------
Productor.Testcase.Product Squad Role.Product Squad Role :: Create... | PASS |
1 test, 1 passed, 0 failed
==============================================================================
Productor.Testcase.Product Squad Role                                 | PASS |
1 test, 1 passed, 0 failed
==============================================================================
Productor.Testcase                                                    | PASS |
1 test, 1 passed, 0 failed
==============================================================================
Productor                                                             | PASS |
1 test, 1 passed, 0 failed
==============================================================================
Output:  C:\Productor\output\pabot_results\3\output.xml
