==============================================================================
Productor                                                                     
==============================================================================
Productor.Testcase                                                            
==============================================================================
Productor.Testcase.Product Roadmap                                            
==============================================================================
Productor.Testcase.Product Roadmap.Product Roadmap :: Create,edit,delete ro...
==============================================================================
Roadmap :: Create,Search,Edit and Delete PPG and Product/Platform     | FAIL |
No keyword with name 'Use Encryption Key' found.
------------------------------------------------------------------------------
Productor.Testcase.Product Roadmap.Product Roadmap :: Create,edit,... | FAIL |
1 test, 0 passed, 1 failed
==============================================================================
Productor.Testcase.Product Roadmap                                    | FAIL |
1 test, 0 passed, 1 failed
==============================================================================
Productor.Testcase                                                    | FAIL |
1 test, 0 passed, 1 failed
==============================================================================
Productor                                                             | FAIL |
1 test, 0 passed, 1 failed
==============================================================================
Output:  C:\Productor\output\pabot_results\5\output.xml
