==============================================================================
Productor                                                                     
==============================================================================
Productor.Testcase                                                            
==============================================================================
Productor.Testcase.Finance Customize Budget                                   
==============================================================================
Productor.Testcase.Finance Customize Budget.Finance Customize Budget :: Fin...
==============================================================================
Finance Customize Budget :: System Finance Customize Budget           | PASS |
------------------------------------------------------------------------------
Productor.Testcase.Finance Customize Budget.Finance Customize Budg... | PASS |
1 test, 1 passed, 0 failed
==============================================================================
Productor.Testcase.Finance Customize Budget                           | PASS |
1 test, 1 passed, 0 failed
==============================================================================
Productor.Testcase                                                    | PASS |
1 test, 1 passed, 0 failed
==============================================================================
Productor                                                             | PASS |
1 test, 1 passed, 0 failed
==============================================================================
Output:  C:\Productor\output\pabot_results\1\output.xml
