==============================================================================
Productor                                                                     
==============================================================================
Productor.Testcase                                                            
==============================================================================
Productor.Testcase.Product Squad Role                                         
==============================================================================
Productor.Testcase.Product Squad Role.Product Squad Role :: Create,Search,E...
==============================================================================
Product Squad Role :: Product Squad Role Create,Search,Edit and De... | FAIL |
No keyword with name 'Use Encryption Key' found.
------------------------------------------------------------------------------
Productor.Testcase.Product Squad Role.Product Squad Role :: Create... | FAIL |
1 test, 0 passed, 1 failed
==============================================================================
Productor.Testcase.Product Squad Role                                 | FAIL |
1 test, 0 passed, 1 failed
==============================================================================
Productor.Testcase                                                    | FAIL |
1 test, 0 passed, 1 failed
==============================================================================
Productor                                                             | FAIL |
1 test, 0 passed, 1 failed
==============================================================================
Output:  C:\Productor\output\pabot_results\6\output.xml
